2019-01-10 10:38:36.513 [main] ERROR s.d.s.r.o.OperationHttpMethodReader - Invalid http method: getValid ones are [[Lorg.springframework.web.bind.annotation.RequestMethod;@6169be09]
java.lang.IllegalArgumentException: No enum constant org.springframework.web.bind.annotation.RequestMethod.get
	at java.lang.Enum.valueOf(Enum.java:238)
	at org.springframework.web.bind.annotation.RequestMethod.valueOf(RequestMethod.java:35)
	at springfox.documentation.swagger.readers.operation.OperationHttpMethodReader.apply(OperationHttpMethodReader.java:49)
	at springfox.documentation.spring.web.plugins.DocumentationPluginsManager.operation(DocumentationPluginsManager.java:120)
	at springfox.documentation.spring.web.readers.operation.ApiOperationReader.read(ApiOperationReader.java:73)
	at springfox.documentation.spring.web.scanners.CachingOperationReader$1.load(CachingOperationReader.java:50)
	at springfox.documentation.spring.web.scanners.CachingOperationReader$1.load(CachingOperationReader.java:48)
	at com.google.common.cache.LocalCache$LoadingValueReference.loadFuture(LocalCache.java:3628)
	at com.google.common.cache.LocalCache$Segment.loadSync(LocalCache.java:2336)
	at com.google.common.cache.LocalCache$Segment.lockedGetOrLoad(LocalCache.java:2295)
	at com.google.common.cache.LocalCache$Segment.get(LocalCache.java:2208)
	at com.google.common.cache.LocalCache.get(LocalCache.java:4053)
	at com.google.common.cache.LocalCache.getOrLoad(LocalCache.java:4057)
	at com.google.common.cache.LocalCache$LocalLoadingCache.get(LocalCache.java:4986)
	at com.google.common.cache.LocalCache$LocalLoadingCache.getUnchecked(LocalCache.java:4992)
	at springfox.documentation.spring.web.scanners.CachingOperationReader.read(CachingOperationReader.java:57)
	at springfox.documentation.spring.web.scanners.ApiDescriptionReader.read(ApiDescriptionReader.java:70)
	at springfox.documentation.spring.web.scanners.ApiListingScanner.scan(ApiListingScanner.java:90)
	at springfox.documentation.spring.web.scanners.ApiDocumentationScanner.scan(ApiDocumentationScanner.java:71)
	at springfox.documentation.spring.web.plugins.DocumentationPluginsBootstrapper.scanDocumentation(DocumentationPluginsBootstrapper.java:96)
	at springfox.documentation.spring.web.plugins.DocumentationPluginsBootstrapper.start(DocumentationPluginsBootstrapper.java:158)
	at org.springframework.context.support.DefaultLifecycleProcessor.doStart(DefaultLifecycleProcessor.java:182)
	at org.springframework.context.support.DefaultLifecycleProcessor.access$200(DefaultLifecycleProcessor.java:53)
	at org.springframework.context.support.DefaultLifecycleProcessor$LifecycleGroup.start(DefaultLifecycleProcessor.java:360)
	at org.springframework.context.support.DefaultLifecycleProcessor.startBeans(DefaultLifecycleProcessor.java:158)
	at org.springframework.context.support.DefaultLifecycleProcessor.onRefresh(DefaultLifecycleProcessor.java:122)
	at org.springframework.context.support.AbstractApplicationContext.finishRefresh(AbstractApplicationContext.java:879)
	at org.springframework.boot.web.servlet.context.ServletWebServerApplicationContext.finishRefresh(ServletWebServerApplicationContext.java:163)
	at org.springframework.context.support.AbstractApplicationContext.refresh(AbstractApplicationContext.java:549)
	at org.springframework.boot.web.servlet.context.ServletWebServerApplicationContext.refresh(ServletWebServerApplicationContext.java:142)
	at org.springframework.boot.SpringApplication.refresh(SpringApplication.java:775)
	at org.springframework.boot.SpringApplication.refreshContext(SpringApplication.java:397)
	at org.springframework.boot.SpringApplication.run(SpringApplication.java:316)
	at org.springframework.boot.SpringApplication.run(SpringApplication.java:1260)
	at org.springframework.boot.SpringApplication.run(SpringApplication.java:1248)
	at com.skies.TestApplication.main(TestApplication.java:10)
2019-01-10 10:38:36.537 [main] ERROR s.d.s.r.o.OperationHttpMethodReader - Invalid http method: getValid ones are [[Lorg.springframework.web.bind.annotation.RequestMethod;@447521e]
java.lang.IllegalArgumentException: No enum constant org.springframework.web.bind.annotation.RequestMethod.get
	at java.lang.Enum.valueOf(Enum.java:238)
	at org.springframework.web.bind.annotation.RequestMethod.valueOf(RequestMethod.java:35)
	at springfox.documentation.swagger.readers.operation.OperationHttpMethodReader.apply(OperationHttpMethodReader.java:49)
	at springfox.documentation.spring.web.plugins.DocumentationPluginsManager.operation(DocumentationPluginsManager.java:120)
	at springfox.documentation.spring.web.readers.operation.ApiOperationReader.read(ApiOperationReader.java:73)
	at springfox.documentation.spring.web.scanners.CachingOperationReader$1.load(CachingOperationReader.java:50)
	at springfox.documentation.spring.web.scanners.CachingOperationReader$1.load(CachingOperationReader.java:48)
	at com.google.common.cache.LocalCache$LoadingValueReference.loadFuture(LocalCache.java:3628)
	at com.google.common.cache.LocalCache$Segment.loadSync(LocalCache.java:2336)
	at com.google.common.cache.LocalCache$Segment.lockedGetOrLoad(LocalCache.java:2295)
	at com.google.common.cache.LocalCache$Segment.get(LocalCache.java:2208)
	at com.google.common.cache.LocalCache.get(LocalCache.java:4053)
	at com.google.common.cache.LocalCache.getOrLoad(LocalCache.java:4057)
	at com.google.common.cache.LocalCache$LocalLoadingCache.get(LocalCache.java:4986)
	at com.google.common.cache.LocalCache$LocalLoadingCache.getUnchecked(LocalCache.java:4992)
	at springfox.documentation.spring.web.scanners.CachingOperationReader.read(CachingOperationReader.java:57)
	at springfox.documentation.spring.web.scanners.ApiDescriptionReader.read(ApiDescriptionReader.java:70)
	at springfox.documentation.spring.web.scanners.ApiListingScanner.scan(ApiListingScanner.java:90)
	at springfox.documentation.spring.web.scanners.ApiDocumentationScanner.scan(ApiDocumentationScanner.java:71)
	at springfox.documentation.spring.web.plugins.DocumentationPluginsBootstrapper.scanDocumentation(DocumentationPluginsBootstrapper.java:96)
	at springfox.documentation.spring.web.plugins.DocumentationPluginsBootstrapper.start(DocumentationPluginsBootstrapper.java:158)
	at org.springframework.context.support.DefaultLifecycleProcessor.doStart(DefaultLifecycleProcessor.java:182)
	at org.springframework.context.support.DefaultLifecycleProcessor.access$200(DefaultLifecycleProcessor.java:53)
	at org.springframework.context.support.DefaultLifecycleProcessor$LifecycleGroup.start(DefaultLifecycleProcessor.java:360)
	at org.springframework.context.support.DefaultLifecycleProcessor.startBeans(DefaultLifecycleProcessor.java:158)
	at org.springframework.context.support.DefaultLifecycleProcessor.onRefresh(DefaultLifecycleProcessor.java:122)
	at org.springframework.context.support.AbstractApplicationContext.finishRefresh(AbstractApplicationContext.java:879)
	at org.springframework.boot.web.servlet.context.ServletWebServerApplicationContext.finishRefresh(ServletWebServerApplicationContext.java:163)
	at org.springframework.context.support.AbstractApplicationContext.refresh(AbstractApplicationContext.java:549)
	at org.springframework.boot.web.servlet.context.ServletWebServerApplicationContext.refresh(ServletWebServerApplicationContext.java:142)
	at org.springframework.boot.SpringApplication.refresh(SpringApplication.java:775)
	at org.springframework.boot.SpringApplication.refreshContext(SpringApplication.java:397)
	at org.springframework.boot.SpringApplication.run(SpringApplication.java:316)
	at org.springframework.boot.SpringApplication.run(SpringApplication.java:1260)
	at org.springframework.boot.SpringApplication.run(SpringApplication.java:1248)
	at com.skies.TestApplication.main(TestApplication.java:10)
2019-01-10 10:38:36.540 [main] ERROR s.d.s.r.o.OperationHttpMethodReader - Invalid http method: getValid ones are [[Lorg.springframework.web.bind.annotation.RequestMethod;@1ecf0ac6]
java.lang.IllegalArgumentException: No enum constant org.springframework.web.bind.annotation.RequestMethod.get
	at java.lang.Enum.valueOf(Enum.java:238)
	at org.springframework.web.bind.annotation.RequestMethod.valueOf(RequestMethod.java:35)
	at springfox.documentation.swagger.readers.operation.OperationHttpMethodReader.apply(OperationHttpMethodReader.java:49)
	at springfox.documentation.spring.web.plugins.DocumentationPluginsManager.operation(DocumentationPluginsManager.java:120)
	at springfox.documentation.spring.web.readers.operation.ApiOperationReader.read(ApiOperationReader.java:73)
	at springfox.documentation.spring.web.scanners.CachingOperationReader$1.load(CachingOperationReader.java:50)
	at springfox.documentation.spring.web.scanners.CachingOperationReader$1.load(CachingOperationReader.java:48)
	at com.google.common.cache.LocalCache$LoadingValueReference.loadFuture(LocalCache.java:3628)
	at com.google.common.cache.LocalCache$Segment.loadSync(LocalCache.java:2336)
	at com.google.common.cache.LocalCache$Segment.lockedGetOrLoad(LocalCache.java:2295)
	at com.google.common.cache.LocalCache$Segment.get(LocalCache.java:2208)
	at com.google.common.cache.LocalCache.get(LocalCache.java:4053)
	at com.google.common.cache.LocalCache.getOrLoad(LocalCache.java:4057)
	at com.google.common.cache.LocalCache$LocalLoadingCache.get(LocalCache.java:4986)
	at com.google.common.cache.LocalCache$LocalLoadingCache.getUnchecked(LocalCache.java:4992)
	at springfox.documentation.spring.web.scanners.CachingOperationReader.read(CachingOperationReader.java:57)
	at springfox.documentation.spring.web.scanners.ApiDescriptionReader.read(ApiDescriptionReader.java:70)
	at springfox.documentation.spring.web.scanners.ApiListingScanner.scan(ApiListingScanner.java:90)
	at springfox.documentation.spring.web.scanners.ApiDocumentationScanner.scan(ApiDocumentationScanner.java:71)
	at springfox.documentation.spring.web.plugins.DocumentationPluginsBootstrapper.scanDocumentation(DocumentationPluginsBootstrapper.java:96)
	at springfox.documentation.spring.web.plugins.DocumentationPluginsBootstrapper.start(DocumentationPluginsBootstrapper.java:158)
	at org.springframework.context.support.DefaultLifecycleProcessor.doStart(DefaultLifecycleProcessor.java:182)
	at org.springframework.context.support.DefaultLifecycleProcessor.access$200(DefaultLifecycleProcessor.java:53)
	at org.springframework.context.support.DefaultLifecycleProcessor$LifecycleGroup.start(DefaultLifecycleProcessor.java:360)
	at org.springframework.context.support.DefaultLifecycleProcessor.startBeans(DefaultLifecycleProcessor.java:158)
	at org.springframework.context.support.DefaultLifecycleProcessor.onRefresh(DefaultLifecycleProcessor.java:122)
	at org.springframework.context.support.AbstractApplicationContext.finishRefresh(AbstractApplicationContext.java:879)
	at org.springframework.boot.web.servlet.context.ServletWebServerApplicationContext.finishRefresh(ServletWebServerApplicationContext.java:163)
	at org.springframework.context.support.AbstractApplicationContext.refresh(AbstractApplicationContext.java:549)
	at org.springframework.boot.web.servlet.context.ServletWebServerApplicationContext.refresh(ServletWebServerApplicationContext.java:142)
	at org.springframework.boot.SpringApplication.refresh(SpringApplication.java:775)
	at org.springframework.boot.SpringApplication.refreshContext(SpringApplication.java:397)
	at org.springframework.boot.SpringApplication.run(SpringApplication.java:316)
	at org.springframework.boot.SpringApplication.run(SpringApplication.java:1260)
	at org.springframework.boot.SpringApplication.run(SpringApplication.java:1248)
	at com.skies.TestApplication.main(TestApplication.java:10)
2019-01-10 10:38:36.543 [main] ERROR s.d.s.r.o.OperationHttpMethodReader - Invalid http method: getValid ones are [[Lorg.springframework.web.bind.annotation.RequestMethod;@7be94cd6]
java.lang.IllegalArgumentException: No enum constant org.springframework.web.bind.annotation.RequestMethod.get
	at java.lang.Enum.valueOf(Enum.java:238)
	at org.springframework.web.bind.annotation.RequestMethod.valueOf(RequestMethod.java:35)
	at springfox.documentation.swagger.readers.operation.OperationHttpMethodReader.apply(OperationHttpMethodReader.java:49)
	at springfox.documentation.spring.web.plugins.DocumentationPluginsManager.operation(DocumentationPluginsManager.java:120)
	at springfox.documentation.spring.web.readers.operation.ApiOperationReader.read(ApiOperationReader.java:73)
	at springfox.documentation.spring.web.scanners.CachingOperationReader$1.load(CachingOperationReader.java:50)
	at springfox.documentation.spring.web.scanners.CachingOperationReader$1.load(CachingOperationReader.java:48)
	at com.google.common.cache.LocalCache$LoadingValueReference.loadFuture(LocalCache.java:3628)
	at com.google.common.cache.LocalCache$Segment.loadSync(LocalCache.java:2336)
	at com.google.common.cache.LocalCache$Segment.lockedGetOrLoad(LocalCache.java:2295)
	at com.google.common.cache.LocalCache$Segment.get(LocalCache.java:2208)
	at com.google.common.cache.LocalCache.get(LocalCache.java:4053)
	at com.google.common.cache.LocalCache.getOrLoad(LocalCache.java:4057)
	at com.google.common.cache.LocalCache$LocalLoadingCache.get(LocalCache.java:4986)
	at com.google.common.cache.LocalCache$LocalLoadingCache.getUnchecked(LocalCache.java:4992)
	at springfox.documentation.spring.web.scanners.CachingOperationReader.read(CachingOperationReader.java:57)
	at springfox.documentation.spring.web.scanners.ApiDescriptionReader.read(ApiDescriptionReader.java:70)
	at springfox.documentation.spring.web.scanners.ApiListingScanner.scan(ApiListingScanner.java:90)
	at springfox.documentation.spring.web.scanners.ApiDocumentationScanner.scan(ApiDocumentationScanner.java:71)
	at springfox.documentation.spring.web.plugins.DocumentationPluginsBootstrapper.scanDocumentation(DocumentationPluginsBootstrapper.java:96)
	at springfox.documentation.spring.web.plugins.DocumentationPluginsBootstrapper.start(DocumentationPluginsBootstrapper.java:158)
	at org.springframework.context.support.DefaultLifecycleProcessor.doStart(DefaultLifecycleProcessor.java:182)
	at org.springframework.context.support.DefaultLifecycleProcessor.access$200(DefaultLifecycleProcessor.java:53)
	at org.springframework.context.support.DefaultLifecycleProcessor$LifecycleGroup.start(DefaultLifecycleProcessor.java:360)
	at org.springframework.context.support.DefaultLifecycleProcessor.startBeans(DefaultLifecycleProcessor.java:158)
	at org.springframework.context.support.DefaultLifecycleProcessor.onRefresh(DefaultLifecycleProcessor.java:122)
	at org.springframework.context.support.AbstractApplicationContext.finishRefresh(AbstractApplicationContext.java:879)
	at org.springframework.boot.web.servlet.context.ServletWebServerApplicationContext.finishRefresh(ServletWebServerApplicationContext.java:163)
	at org.springframework.context.support.AbstractApplicationContext.refresh(AbstractApplicationContext.java:549)
	at org.springframework.boot.web.servlet.context.ServletWebServerApplicationContext.refresh(ServletWebServerApplicationContext.java:142)
	at org.springframework.boot.SpringApplication.refresh(SpringApplication.java:775)
	at org.springframework.boot.SpringApplication.refreshContext(SpringApplication.java:397)
	at org.springframework.boot.SpringApplication.run(SpringApplication.java:316)
	at org.springframework.boot.SpringApplication.run(SpringApplication.java:1260)
	at org.springframework.boot.SpringApplication.run(SpringApplication.java:1248)
	at com.skies.TestApplication.main(TestApplication.java:10)
2019-01-10 10:38:36.545 [main] ERROR s.d.s.r.o.OperationHttpMethodReader - Invalid http method: getValid ones are [[Lorg.springframework.web.bind.annotation.RequestMethod;@463045fb]
java.lang.IllegalArgumentException: No enum constant org.springframework.web.bind.annotation.RequestMethod.get
	at java.lang.Enum.valueOf(Enum.java:238)
	at org.springframework.web.bind.annotation.RequestMethod.valueOf(RequestMethod.java:35)
	at springfox.documentation.swagger.readers.operation.OperationHttpMethodReader.apply(OperationHttpMethodReader.java:49)
	at springfox.documentation.spring.web.plugins.DocumentationPluginsManager.operation(DocumentationPluginsManager.java:120)
	at springfox.documentation.spring.web.readers.operation.ApiOperationReader.read(ApiOperationReader.java:73)
	at springfox.documentation.spring.web.scanners.CachingOperationReader$1.load(CachingOperationReader.java:50)
	at springfox.documentation.spring.web.scanners.CachingOperationReader$1.load(CachingOperationReader.java:48)
	at com.google.common.cache.LocalCache$LoadingValueReference.loadFuture(LocalCache.java:3628)
	at com.google.common.cache.LocalCache$Segment.loadSync(LocalCache.java:2336)
	at com.google.common.cache.LocalCache$Segment.lockedGetOrLoad(LocalCache.java:2295)
	at com.google.common.cache.LocalCache$Segment.get(LocalCache.java:2208)
	at com.google.common.cache.LocalCache.get(LocalCache.java:4053)
	at com.google.common.cache.LocalCache.getOrLoad(LocalCache.java:4057)
	at com.google.common.cache.LocalCache$LocalLoadingCache.get(LocalCache.java:4986)
	at com.google.common.cache.LocalCache$LocalLoadingCache.getUnchecked(LocalCache.java:4992)
	at springfox.documentation.spring.web.scanners.CachingOperationReader.read(CachingOperationReader.java:57)
	at springfox.documentation.spring.web.scanners.ApiDescriptionReader.read(ApiDescriptionReader.java:70)
	at springfox.documentation.spring.web.scanners.ApiListingScanner.scan(ApiListingScanner.java:90)
	at springfox.documentation.spring.web.scanners.ApiDocumentationScanner.scan(ApiDocumentationScanner.java:71)
	at springfox.documentation.spring.web.plugins.DocumentationPluginsBootstrapper.scanDocumentation(DocumentationPluginsBootstrapper.java:96)
	at springfox.documentation.spring.web.plugins.DocumentationPluginsBootstrapper.start(DocumentationPluginsBootstrapper.java:158)
	at org.springframework.context.support.DefaultLifecycleProcessor.doStart(DefaultLifecycleProcessor.java:182)
	at org.springframework.context.support.DefaultLifecycleProcessor.access$200(DefaultLifecycleProcessor.java:53)
	at org.springframework.context.support.DefaultLifecycleProcessor$LifecycleGroup.start(DefaultLifecycleProcessor.java:360)
	at org.springframework.context.support.DefaultLifecycleProcessor.startBeans(DefaultLifecycleProcessor.java:158)
	at org.springframework.context.support.DefaultLifecycleProcessor.onRefresh(DefaultLifecycleProcessor.java:122)
	at org.springframework.context.support.AbstractApplicationContext.finishRefresh(AbstractApplicationContext.java:879)
	at org.springframework.boot.web.servlet.context.ServletWebServerApplicationContext.finishRefresh(ServletWebServerApplicationContext.java:163)
	at org.springframework.context.support.AbstractApplicationContext.refresh(AbstractApplicationContext.java:549)
	at org.springframework.boot.web.servlet.context.ServletWebServerApplicationContext.refresh(ServletWebServerApplicationContext.java:142)
	at org.springframework.boot.SpringApplication.refresh(SpringApplication.java:775)
	at org.springframework.boot.SpringApplication.refreshContext(SpringApplication.java:397)
	at org.springframework.boot.SpringApplication.run(SpringApplication.java:316)
	at org.springframework.boot.SpringApplication.run(SpringApplication.java:1260)
	at org.springframework.boot.SpringApplication.run(SpringApplication.java:1248)
	at com.skies.TestApplication.main(TestApplication.java:10)
2019-01-10 10:38:36.552 [main] ERROR s.d.s.r.o.OperationHttpMethodReader - Invalid http method: getValid ones are [[Lorg.springframework.web.bind.annotation.RequestMethod;@3344d163]
java.lang.IllegalArgumentException: No enum constant org.springframework.web.bind.annotation.RequestMethod.get
	at java.lang.Enum.valueOf(Enum.java:238)
	at org.springframework.web.bind.annotation.RequestMethod.valueOf(RequestMethod.java:35)
	at springfox.documentation.swagger.readers.operation.OperationHttpMethodReader.apply(OperationHttpMethodReader.java:49)
	at springfox.documentation.spring.web.plugins.DocumentationPluginsManager.operation(DocumentationPluginsManager.java:120)
	at springfox.documentation.spring.web.readers.operation.ApiOperationReader.read(ApiOperationReader.java:73)
	at springfox.documentation.spring.web.scanners.CachingOperationReader$1.load(CachingOperationReader.java:50)
	at springfox.documentation.spring.web.scanners.CachingOperationReader$1.load(CachingOperationReader.java:48)
	at com.google.common.cache.LocalCache$LoadingValueReference.loadFuture(LocalCache.java:3628)
	at com.google.common.cache.LocalCache$Segment.loadSync(LocalCache.java:2336)
	at com.google.common.cache.LocalCache$Segment.lockedGetOrLoad(LocalCache.java:2295)
	at com.google.common.cache.LocalCache$Segment.get(LocalCache.java:2208)
	at com.google.common.cache.LocalCache.get(LocalCache.java:4053)
	at com.google.common.cache.LocalCache.getOrLoad(LocalCache.java:4057)
	at com.google.common.cache.LocalCache$LocalLoadingCache.get(LocalCache.java:4986)
	at com.google.common.cache.LocalCache$LocalLoadingCache.getUnchecked(LocalCache.java:4992)
	at springfox.documentation.spring.web.scanners.CachingOperationReader.read(CachingOperationReader.java:57)
	at springfox.documentation.spring.web.scanners.ApiDescriptionReader.read(ApiDescriptionReader.java:70)
	at springfox.documentation.spring.web.scanners.ApiListingScanner.scan(ApiListingScanner.java:90)
	at springfox.documentation.spring.web.scanners.ApiDocumentationScanner.scan(ApiDocumentationScanner.java:71)
	at springfox.documentation.spring.web.plugins.DocumentationPluginsBootstrapper.scanDocumentation(DocumentationPluginsBootstrapper.java:96)
	at springfox.documentation.spring.web.plugins.DocumentationPluginsBootstrapper.start(DocumentationPluginsBootstrapper.java:158)
	at org.springframework.context.support.DefaultLifecycleProcessor.doStart(DefaultLifecycleProcessor.java:182)
	at org.springframework.context.support.DefaultLifecycleProcessor.access$200(DefaultLifecycleProcessor.java:53)
	at org.springframework.context.support.DefaultLifecycleProcessor$LifecycleGroup.start(DefaultLifecycleProcessor.java:360)
	at org.springframework.context.support.DefaultLifecycleProcessor.startBeans(DefaultLifecycleProcessor.java:158)
	at org.springframework.context.support.DefaultLifecycleProcessor.onRefresh(DefaultLifecycleProcessor.java:122)
	at org.springframework.context.support.AbstractApplicationContext.finishRefresh(AbstractApplicationContext.java:879)
	at org.springframework.boot.web.servlet.context.ServletWebServerApplicationContext.finishRefresh(ServletWebServerApplicationContext.java:163)
	at org.springframework.context.support.AbstractApplicationContext.refresh(AbstractApplicationContext.java:549)
	at org.springframework.boot.web.servlet.context.ServletWebServerApplicationContext.refresh(ServletWebServerApplicationContext.java:142)
	at org.springframework.boot.SpringApplication.refresh(SpringApplication.java:775)
	at org.springframework.boot.SpringApplication.refreshContext(SpringApplication.java:397)
	at org.springframework.boot.SpringApplication.run(SpringApplication.java:316)
	at org.springframework.boot.SpringApplication.run(SpringApplication.java:1260)
	at org.springframework.boot.SpringApplication.run(SpringApplication.java:1248)
	at com.skies.TestApplication.main(TestApplication.java:10)
2019-01-10 10:38:36.554 [main] ERROR s.d.s.r.o.OperationHttpMethodReader - Invalid http method: getValid ones are [[Lorg.springframework.web.bind.annotation.RequestMethod;@6cc48a17]
java.lang.IllegalArgumentException: No enum constant org.springframework.web.bind.annotation.RequestMethod.get
	at java.lang.Enum.valueOf(Enum.java:238)
	at org.springframework.web.bind.annotation.RequestMethod.valueOf(RequestMethod.java:35)
	at springfox.documentation.swagger.readers.operation.OperationHttpMethodReader.apply(OperationHttpMethodReader.java:49)
	at springfox.documentation.spring.web.plugins.DocumentationPluginsManager.operation(DocumentationPluginsManager.java:120)
	at springfox.documentation.spring.web.readers.operation.ApiOperationReader.read(ApiOperationReader.java:73)
	at springfox.documentation.spring.web.scanners.CachingOperationReader$1.load(CachingOperationReader.java:50)
	at springfox.documentation.spring.web.scanners.CachingOperationReader$1.load(CachingOperationReader.java:48)
	at com.google.common.cache.LocalCache$LoadingValueReference.loadFuture(LocalCache.java:3628)
	at com.google.common.cache.LocalCache$Segment.loadSync(LocalCache.java:2336)
	at com.google.common.cache.LocalCache$Segment.lockedGetOrLoad(LocalCache.java:2295)
	at com.google.common.cache.LocalCache$Segment.get(LocalCache.java:2208)
	at com.google.common.cache.LocalCache.get(LocalCache.java:4053)
	at com.google.common.cache.LocalCache.getOrLoad(LocalCache.java:4057)
	at com.google.common.cache.LocalCache$LocalLoadingCache.get(LocalCache.java:4986)
	at com.google.common.cache.LocalCache$LocalLoadingCache.getUnchecked(LocalCache.java:4992)
	at springfox.documentation.spring.web.scanners.CachingOperationReader.read(CachingOperationReader.java:57)
	at springfox.documentation.spring.web.scanners.ApiDescriptionReader.read(ApiDescriptionReader.java:70)
	at springfox.documentation.spring.web.scanners.ApiListingScanner.scan(ApiListingScanner.java:90)
	at springfox.documentation.spring.web.scanners.ApiDocumentationScanner.scan(ApiDocumentationScanner.java:71)
	at springfox.documentation.spring.web.plugins.DocumentationPluginsBootstrapper.scanDocumentation(DocumentationPluginsBootstrapper.java:96)
	at springfox.documentation.spring.web.plugins.DocumentationPluginsBootstrapper.start(DocumentationPluginsBootstrapper.java:158)
	at org.springframework.context.support.DefaultLifecycleProcessor.doStart(DefaultLifecycleProcessor.java:182)
	at org.springframework.context.support.DefaultLifecycleProcessor.access$200(DefaultLifecycleProcessor.java:53)
	at org.springframework.context.support.DefaultLifecycleProcessor$LifecycleGroup.start(DefaultLifecycleProcessor.java:360)
	at org.springframework.context.support.DefaultLifecycleProcessor.startBeans(DefaultLifecycleProcessor.java:158)
	at org.springframework.context.support.DefaultLifecycleProcessor.onRefresh(DefaultLifecycleProcessor.java:122)
	at org.springframework.context.support.AbstractApplicationContext.finishRefresh(AbstractApplicationContext.java:879)
	at org.springframework.boot.web.servlet.context.ServletWebServerApplicationContext.finishRefresh(ServletWebServerApplicationContext.java:163)
	at org.springframework.context.support.AbstractApplicationContext.refresh(AbstractApplicationContext.java:549)
	at org.springframework.boot.web.servlet.context.ServletWebServerApplicationContext.refresh(ServletWebServerApplicationContext.java:142)
	at org.springframework.boot.SpringApplication.refresh(SpringApplication.java:775)
	at org.springframework.boot.SpringApplication.refreshContext(SpringApplication.java:397)
	at org.springframework.boot.SpringApplication.run(SpringApplication.java:316)
	at org.springframework.boot.SpringApplication.run(SpringApplication.java:1260)
	at org.springframework.boot.SpringApplication.run(SpringApplication.java:1248)
	at com.skies.TestApplication.main(TestApplication.java:10)
2019-01-10 10:38:36.560 [main] ERROR s.d.s.r.o.OperationHttpMethodReader - Invalid http method: getValid ones are [[Lorg.springframework.web.bind.annotation.RequestMethod;@7f22687e]
java.lang.IllegalArgumentException: No enum constant org.springframework.web.bind.annotation.RequestMethod.get
	at java.lang.Enum.valueOf(Enum.java:238)
	at org.springframework.web.bind.annotation.RequestMethod.valueOf(RequestMethod.java:35)
	at springfox.documentation.swagger.readers.operation.OperationHttpMethodReader.apply(OperationHttpMethodReader.java:49)
	at springfox.documentation.spring.web.plugins.DocumentationPluginsManager.operation(DocumentationPluginsManager.java:120)
	at springfox.documentation.spring.web.readers.operation.ApiOperationReader.read(ApiOperationReader.java:73)
	at springfox.documentation.spring.web.scanners.CachingOperationReader$1.load(CachingOperationReader.java:50)
	at springfox.documentation.spring.web.scanners.CachingOperationReader$1.load(CachingOperationReader.java:48)
	at com.google.common.cache.LocalCache$LoadingValueReference.loadFuture(LocalCache.java:3628)
	at com.google.common.cache.LocalCache$Segment.loadSync(LocalCache.java:2336)
	at com.google.common.cache.LocalCache$Segment.lockedGetOrLoad(LocalCache.java:2295)
	at com.google.common.cache.LocalCache$Segment.get(LocalCache.java:2208)
	at com.google.common.cache.LocalCache.get(LocalCache.java:4053)
	at com.google.common.cache.LocalCache.getOrLoad(LocalCache.java:4057)
	at com.google.common.cache.LocalCache$LocalLoadingCache.get(LocalCache.java:4986)
	at com.google.common.cache.LocalCache$LocalLoadingCache.getUnchecked(LocalCache.java:4992)
	at springfox.documentation.spring.web.scanners.CachingOperationReader.read(CachingOperationReader.java:57)
	at springfox.documentation.spring.web.scanners.ApiDescriptionReader.read(ApiDescriptionReader.java:70)
	at springfox.documentation.spring.web.scanners.ApiListingScanner.scan(ApiListingScanner.java:90)
	at springfox.documentation.spring.web.scanners.ApiDocumentationScanner.scan(ApiDocumentationScanner.java:71)
	at springfox.documentation.spring.web.plugins.DocumentationPluginsBootstrapper.scanDocumentation(DocumentationPluginsBootstrapper.java:96)
	at springfox.documentation.spring.web.plugins.DocumentationPluginsBootstrapper.start(DocumentationPluginsBootstrapper.java:158)
	at org.springframework.context.support.DefaultLifecycleProcessor.doStart(DefaultLifecycleProcessor.java:182)
	at org.springframework.context.support.DefaultLifecycleProcessor.access$200(DefaultLifecycleProcessor.java:53)
	at org.springframework.context.support.DefaultLifecycleProcessor$LifecycleGroup.start(DefaultLifecycleProcessor.java:360)
	at org.springframework.context.support.DefaultLifecycleProcessor.startBeans(DefaultLifecycleProcessor.java:158)
	at org.springframework.context.support.DefaultLifecycleProcessor.onRefresh(DefaultLifecycleProcessor.java:122)
	at org.springframework.context.support.AbstractApplicationContext.finishRefresh(AbstractApplicationContext.java:879)
	at org.springframework.boot.web.servlet.context.ServletWebServerApplicationContext.finishRefresh(ServletWebServerApplicationContext.java:163)
	at org.springframework.context.support.AbstractApplicationContext.refresh(AbstractApplicationContext.java:549)
	at org.springframework.boot.web.servlet.context.ServletWebServerApplicationContext.refresh(ServletWebServerApplicationContext.java:142)
	at org.springframework.boot.SpringApplication.refresh(SpringApplication.java:775)
	at org.springframework.boot.SpringApplication.refreshContext(SpringApplication.java:397)
	at org.springframework.boot.SpringApplication.run(SpringApplication.java:316)
	at org.springframework.boot.SpringApplication.run(SpringApplication.java:1260)
	at org.springframework.boot.SpringApplication.run(SpringApplication.java:1248)
	at com.skies.TestApplication.main(TestApplication.java:10)
2019-01-10 10:40:42.272 [main] ERROR s.d.s.r.o.OperationHttpMethodReader - Invalid http method: getValid ones are [[Lorg.springframework.web.bind.annotation.RequestMethod;@50ec4bfc]
java.lang.IllegalArgumentException: No enum constant org.springframework.web.bind.annotation.RequestMethod.get
	at java.lang.Enum.valueOf(Enum.java:238)
	at org.springframework.web.bind.annotation.RequestMethod.valueOf(RequestMethod.java:35)
	at springfox.documentation.swagger.readers.operation.OperationHttpMethodReader.apply(OperationHttpMethodReader.java:49)
	at springfox.documentation.spring.web.plugins.DocumentationPluginsManager.operation(DocumentationPluginsManager.java:120)
	at springfox.documentation.spring.web.readers.operation.ApiOperationReader.read(ApiOperationReader.java:73)
	at springfox.documentation.spring.web.scanners.CachingOperationReader$1.load(CachingOperationReader.java:50)
	at springfox.documentation.spring.web.scanners.CachingOperationReader$1.load(CachingOperationReader.java:48)
	at com.google.common.cache.LocalCache$LoadingValueReference.loadFuture(LocalCache.java:3628)
	at com.google.common.cache.LocalCache$Segment.loadSync(LocalCache.java:2336)
	at com.google.common.cache.LocalCache$Segment.lockedGetOrLoad(LocalCache.java:2295)
	at com.google.common.cache.LocalCache$Segment.get(LocalCache.java:2208)
	at com.google.common.cache.LocalCache.get(LocalCache.java:4053)
	at com.google.common.cache.LocalCache.getOrLoad(LocalCache.java:4057)
	at com.google.common.cache.LocalCache$LocalLoadingCache.get(LocalCache.java:4986)
	at com.google.common.cache.LocalCache$LocalLoadingCache.getUnchecked(LocalCache.java:4992)
	at springfox.documentation.spring.web.scanners.CachingOperationReader.read(CachingOperationReader.java:57)
	at springfox.documentation.spring.web.scanners.ApiDescriptionReader.read(ApiDescriptionReader.java:70)
	at springfox.documentation.spring.web.scanners.ApiListingScanner.scan(ApiListingScanner.java:90)
	at springfox.documentation.spring.web.scanners.ApiDocumentationScanner.scan(ApiDocumentationScanner.java:71)
	at springfox.documentation.spring.web.plugins.DocumentationPluginsBootstrapper.scanDocumentation(DocumentationPluginsBootstrapper.java:96)
	at springfox.documentation.spring.web.plugins.DocumentationPluginsBootstrapper.start(DocumentationPluginsBootstrapper.java:158)
	at org.springframework.context.support.DefaultLifecycleProcessor.doStart(DefaultLifecycleProcessor.java:182)
	at org.springframework.context.support.DefaultLifecycleProcessor.access$200(DefaultLifecycleProcessor.java:53)
	at org.springframework.context.support.DefaultLifecycleProcessor$LifecycleGroup.start(DefaultLifecycleProcessor.java:360)
	at org.springframework.context.support.DefaultLifecycleProcessor.startBeans(DefaultLifecycleProcessor.java:158)
	at org.springframework.context.support.DefaultLifecycleProcessor.onRefresh(DefaultLifecycleProcessor.java:122)
	at org.springframework.context.support.AbstractApplicationContext.finishRefresh(AbstractApplicationContext.java:879)
	at org.springframework.boot.web.servlet.context.ServletWebServerApplicationContext.finishRefresh(ServletWebServerApplicationContext.java:163)
	at org.springframework.context.support.AbstractApplicationContext.refresh(AbstractApplicationContext.java:549)
	at org.springframework.boot.web.servlet.context.ServletWebServerApplicationContext.refresh(ServletWebServerApplicationContext.java:142)
	at org.springframework.boot.SpringApplication.refresh(SpringApplication.java:775)
	at org.springframework.boot.SpringApplication.refreshContext(SpringApplication.java:397)
	at org.springframework.boot.SpringApplication.run(SpringApplication.java:316)
	at org.springframework.boot.SpringApplication.run(SpringApplication.java:1260)
	at org.springframework.boot.SpringApplication.run(SpringApplication.java:1248)
	at com.skies.TestApplication.main(TestApplication.java:10)
2019-01-10 10:40:42.299 [main] ERROR s.d.s.r.o.OperationHttpMethodReader - Invalid http method: getValid ones are [[Lorg.springframework.web.bind.annotation.RequestMethod;@586cc15d]
java.lang.IllegalArgumentException: No enum constant org.springframework.web.bind.annotation.RequestMethod.get
	at java.lang.Enum.valueOf(Enum.java:238)
	at org.springframework.web.bind.annotation.RequestMethod.valueOf(RequestMethod.java:35)
	at springfox.documentation.swagger.readers.operation.OperationHttpMethodReader.apply(OperationHttpMethodReader.java:49)
	at springfox.documentation.spring.web.plugins.DocumentationPluginsManager.operation(DocumentationPluginsManager.java:120)
	at springfox.documentation.spring.web.readers.operation.ApiOperationReader.read(ApiOperationReader.java:73)
	at springfox.documentation.spring.web.scanners.CachingOperationReader$1.load(CachingOperationReader.java:50)
	at springfox.documentation.spring.web.scanners.CachingOperationReader$1.load(CachingOperationReader.java:48)
	at com.google.common.cache.LocalCache$LoadingValueReference.loadFuture(LocalCache.java:3628)
	at com.google.common.cache.LocalCache$Segment.loadSync(LocalCache.java:2336)
	at com.google.common.cache.LocalCache$Segment.lockedGetOrLoad(LocalCache.java:2295)
	at com.google.common.cache.LocalCache$Segment.get(LocalCache.java:2208)
	at com.google.common.cache.LocalCache.get(LocalCache.java:4053)
	at com.google.common.cache.LocalCache.getOrLoad(LocalCache.java:4057)
	at com.google.common.cache.LocalCache$LocalLoadingCache.get(LocalCache.java:4986)
	at com.google.common.cache.LocalCache$LocalLoadingCache.getUnchecked(LocalCache.java:4992)
	at springfox.documentation.spring.web.scanners.CachingOperationReader.read(CachingOperationReader.java:57)
	at springfox.documentation.spring.web.scanners.ApiDescriptionReader.read(ApiDescriptionReader.java:70)
	at springfox.documentation.spring.web.scanners.ApiListingScanner.scan(ApiListingScanner.java:90)
	at springfox.documentation.spring.web.scanners.ApiDocumentationScanner.scan(ApiDocumentationScanner.java:71)
	at springfox.documentation.spring.web.plugins.DocumentationPluginsBootstrapper.scanDocumentation(DocumentationPluginsBootstrapper.java:96)
	at springfox.documentation.spring.web.plugins.DocumentationPluginsBootstrapper.start(DocumentationPluginsBootstrapper.java:158)
	at org.springframework.context.support.DefaultLifecycleProcessor.doStart(DefaultLifecycleProcessor.java:182)
	at org.springframework.context.support.DefaultLifecycleProcessor.access$200(DefaultLifecycleProcessor.java:53)
	at org.springframework.context.support.DefaultLifecycleProcessor$LifecycleGroup.start(DefaultLifecycleProcessor.java:360)
	at org.springframework.context.support.DefaultLifecycleProcessor.startBeans(DefaultLifecycleProcessor.java:158)
	at org.springframework.context.support.DefaultLifecycleProcessor.onRefresh(DefaultLifecycleProcessor.java:122)
	at org.springframework.context.support.AbstractApplicationContext.finishRefresh(AbstractApplicationContext.java:879)
	at org.springframework.boot.web.servlet.context.ServletWebServerApplicationContext.finishRefresh(ServletWebServerApplicationContext.java:163)
	at org.springframework.context.support.AbstractApplicationContext.refresh(AbstractApplicationContext.java:549)
	at org.springframework.boot.web.servlet.context.ServletWebServerApplicationContext.refresh(ServletWebServerApplicationContext.java:142)
	at org.springframework.boot.SpringApplication.refresh(SpringApplication.java:775)
	at org.springframework.boot.SpringApplication.refreshContext(SpringApplication.java:397)
	at org.springframework.boot.SpringApplication.run(SpringApplication.java:316)
	at org.springframework.boot.SpringApplication.run(SpringApplication.java:1260)
	at org.springframework.boot.SpringApplication.run(SpringApplication.java:1248)
	at com.skies.TestApplication.main(TestApplication.java:10)
2019-01-10 10:40:42.302 [main] ERROR s.d.s.r.o.OperationHttpMethodReader - Invalid http method: getValid ones are [[Lorg.springframework.web.bind.annotation.RequestMethod;@4584304]
java.lang.IllegalArgumentException: No enum constant org.springframework.web.bind.annotation.RequestMethod.get
	at java.lang.Enum.valueOf(Enum.java:238)
	at org.springframework.web.bind.annotation.RequestMethod.valueOf(RequestMethod.java:35)
	at springfox.documentation.swagger.readers.operation.OperationHttpMethodReader.apply(OperationHttpMethodReader.java:49)
	at springfox.documentation.spring.web.plugins.DocumentationPluginsManager.operation(DocumentationPluginsManager.java:120)
	at springfox.documentation.spring.web.readers.operation.ApiOperationReader.read(ApiOperationReader.java:73)
	at springfox.documentation.spring.web.scanners.CachingOperationReader$1.load(CachingOperationReader.java:50)
	at springfox.documentation.spring.web.scanners.CachingOperationReader$1.load(CachingOperationReader.java:48)
	at com.google.common.cache.LocalCache$LoadingValueReference.loadFuture(LocalCache.java:3628)
	at com.google.common.cache.LocalCache$Segment.loadSync(LocalCache.java:2336)
	at com.google.common.cache.LocalCache$Segment.lockedGetOrLoad(LocalCache.java:2295)
	at com.google.common.cache.LocalCache$Segment.get(LocalCache.java:2208)
	at com.google.common.cache.LocalCache.get(LocalCache.java:4053)
	at com.google.common.cache.LocalCache.getOrLoad(LocalCache.java:4057)
	at com.google.common.cache.LocalCache$LocalLoadingCache.get(LocalCache.java:4986)
	at com.google.common.cache.LocalCache$LocalLoadingCache.getUnchecked(LocalCache.java:4992)
	at springfox.documentation.spring.web.scanners.CachingOperationReader.read(CachingOperationReader.java:57)
	at springfox.documentation.spring.web.scanners.ApiDescriptionReader.read(ApiDescriptionReader.java:70)
	at springfox.documentation.spring.web.scanners.ApiListingScanner.scan(ApiListingScanner.java:90)
	at springfox.documentation.spring.web.scanners.ApiDocumentationScanner.scan(ApiDocumentationScanner.java:71)
	at springfox.documentation.spring.web.plugins.DocumentationPluginsBootstrapper.scanDocumentation(DocumentationPluginsBootstrapper.java:96)
	at springfox.documentation.spring.web.plugins.DocumentationPluginsBootstrapper.start(DocumentationPluginsBootstrapper.java:158)
	at org.springframework.context.support.DefaultLifecycleProcessor.doStart(DefaultLifecycleProcessor.java:182)
	at org.springframework.context.support.DefaultLifecycleProcessor.access$200(DefaultLifecycleProcessor.java:53)
	at org.springframework.context.support.DefaultLifecycleProcessor$LifecycleGroup.start(DefaultLifecycleProcessor.java:360)
	at org.springframework.context.support.DefaultLifecycleProcessor.startBeans(DefaultLifecycleProcessor.java:158)
	at org.springframework.context.support.DefaultLifecycleProcessor.onRefresh(DefaultLifecycleProcessor.java:122)
	at org.springframework.context.support.AbstractApplicationContext.finishRefresh(AbstractApplicationContext.java:879)
	at org.springframework.boot.web.servlet.context.ServletWebServerApplicationContext.finishRefresh(ServletWebServerApplicationContext.java:163)
	at org.springframework.context.support.AbstractApplicationContext.refresh(AbstractApplicationContext.java:549)
	at org.springframework.boot.web.servlet.context.ServletWebServerApplicationContext.refresh(ServletWebServerApplicationContext.java:142)
	at org.springframework.boot.SpringApplication.refresh(SpringApplication.java:775)
	at org.springframework.boot.SpringApplication.refreshContext(SpringApplication.java:397)
	at org.springframework.boot.SpringApplication.run(SpringApplication.java:316)
	at org.springframework.boot.SpringApplication.run(SpringApplication.java:1260)
	at org.springframework.boot.SpringApplication.run(SpringApplication.java:1248)
	at com.skies.TestApplication.main(TestApplication.java:10)
2019-01-10 10:40:42.306 [main] ERROR s.d.s.r.o.OperationHttpMethodReader - Invalid http method: getValid ones are [[Lorg.springframework.web.bind.annotation.RequestMethod;@6f50d55c]
java.lang.IllegalArgumentException: No enum constant org.springframework.web.bind.annotation.RequestMethod.get
	at java.lang.Enum.valueOf(Enum.java:238)
	at org.springframework.web.bind.annotation.RequestMethod.valueOf(RequestMethod.java:35)
	at springfox.documentation.swagger.readers.operation.OperationHttpMethodReader.apply(OperationHttpMethodReader.java:49)
	at springfox.documentation.spring.web.plugins.DocumentationPluginsManager.operation(DocumentationPluginsManager.java:120)
	at springfox.documentation.spring.web.readers.operation.ApiOperationReader.read(ApiOperationReader.java:73)
	at springfox.documentation.spring.web.scanners.CachingOperationReader$1.load(CachingOperationReader.java:50)
	at springfox.documentation.spring.web.scanners.CachingOperationReader$1.load(CachingOperationReader.java:48)
	at com.google.common.cache.LocalCache$LoadingValueReference.loadFuture(LocalCache.java:3628)
	at com.google.common.cache.LocalCache$Segment.loadSync(LocalCache.java:2336)
	at com.google.common.cache.LocalCache$Segment.lockedGetOrLoad(LocalCache.java:2295)
	at com.google.common.cache.LocalCache$Segment.get(LocalCache.java:2208)
	at com.google.common.cache.LocalCache.get(LocalCache.java:4053)
	at com.google.common.cache.LocalCache.getOrLoad(LocalCache.java:4057)
	at com.google.common.cache.LocalCache$LocalLoadingCache.get(LocalCache.java:4986)
	at com.google.common.cache.LocalCache$LocalLoadingCache.getUnchecked(LocalCache.java:4992)
	at springfox.documentation.spring.web.scanners.CachingOperationReader.read(CachingOperationReader.java:57)
	at springfox.documentation.spring.web.scanners.ApiDescriptionReader.read(ApiDescriptionReader.java:70)
	at springfox.documentation.spring.web.scanners.ApiListingScanner.scan(ApiListingScanner.java:90)
	at springfox.documentation.spring.web.scanners.ApiDocumentationScanner.scan(ApiDocumentationScanner.java:71)
	at springfox.documentation.spring.web.plugins.DocumentationPluginsBootstrapper.scanDocumentation(DocumentationPluginsBootstrapper.java:96)
	at springfox.documentation.spring.web.plugins.DocumentationPluginsBootstrapper.start(DocumentationPluginsBootstrapper.java:158)
	at org.springframework.context.support.DefaultLifecycleProcessor.doStart(DefaultLifecycleProcessor.java:182)
	at org.springframework.context.support.DefaultLifecycleProcessor.access$200(DefaultLifecycleProcessor.java:53)
	at org.springframework.context.support.DefaultLifecycleProcessor$LifecycleGroup.start(DefaultLifecycleProcessor.java:360)
	at org.springframework.context.support.DefaultLifecycleProcessor.startBeans(DefaultLifecycleProcessor.java:158)
	at org.springframework.context.support.DefaultLifecycleProcessor.onRefresh(DefaultLifecycleProcessor.java:122)
	at org.springframework.context.support.AbstractApplicationContext.finishRefresh(AbstractApplicationContext.java:879)
	at org.springframework.boot.web.servlet.context.ServletWebServerApplicationContext.finishRefresh(ServletWebServerApplicationContext.java:163)
	at org.springframework.context.support.AbstractApplicationContext.refresh(AbstractApplicationContext.java:549)
	at org.springframework.boot.web.servlet.context.ServletWebServerApplicationContext.refresh(ServletWebServerApplicationContext.java:142)
	at org.springframework.boot.SpringApplication.refresh(SpringApplication.java:775)
	at org.springframework.boot.SpringApplication.refreshContext(SpringApplication.java:397)
	at org.springframework.boot.SpringApplication.run(SpringApplication.java:316)
	at org.springframework.boot.SpringApplication.run(SpringApplication.java:1260)
	at org.springframework.boot.SpringApplication.run(SpringApplication.java:1248)
	at com.skies.TestApplication.main(TestApplication.java:10)
2019-01-10 10:40:42.310 [main] ERROR s.d.s.r.o.OperationHttpMethodReader - Invalid http method: getValid ones are [[Lorg.springframework.web.bind.annotation.RequestMethod;@5fb3111a]
java.lang.IllegalArgumentException: No enum constant org.springframework.web.bind.annotation.RequestMethod.get
	at java.lang.Enum.valueOf(Enum.java:238)
	at org.springframework.web.bind.annotation.RequestMethod.valueOf(RequestMethod.java:35)
	at springfox.documentation.swagger.readers.operation.OperationHttpMethodReader.apply(OperationHttpMethodReader.java:49)
	at springfox.documentation.spring.web.plugins.DocumentationPluginsManager.operation(DocumentationPluginsManager.java:120)
	at springfox.documentation.spring.web.readers.operation.ApiOperationReader.read(ApiOperationReader.java:73)
	at springfox.documentation.spring.web.scanners.CachingOperationReader$1.load(CachingOperationReader.java:50)
	at springfox.documentation.spring.web.scanners.CachingOperationReader$1.load(CachingOperationReader.java:48)
	at com.google.common.cache.LocalCache$LoadingValueReference.loadFuture(LocalCache.java:3628)
	at com.google.common.cache.LocalCache$Segment.loadSync(LocalCache.java:2336)
	at com.google.common.cache.LocalCache$Segment.lockedGetOrLoad(LocalCache.java:2295)
	at com.google.common.cache.LocalCache$Segment.get(LocalCache.java:2208)
	at com.google.common.cache.LocalCache.get(LocalCache.java:4053)
	at com.google.common.cache.LocalCache.getOrLoad(LocalCache.java:4057)
	at com.google.common.cache.LocalCache$LocalLoadingCache.get(LocalCache.java:4986)
	at com.google.common.cache.LocalCache$LocalLoadingCache.getUnchecked(LocalCache.java:4992)
	at springfox.documentation.spring.web.scanners.CachingOperationReader.read(CachingOperationReader.java:57)
	at springfox.documentation.spring.web.scanners.ApiDescriptionReader.read(ApiDescriptionReader.java:70)
	at springfox.documentation.spring.web.scanners.ApiListingScanner.scan(ApiListingScanner.java:90)
	at springfox.documentation.spring.web.scanners.ApiDocumentationScanner.scan(ApiDocumentationScanner.java:71)
	at springfox.documentation.spring.web.plugins.DocumentationPluginsBootstrapper.scanDocumentation(DocumentationPluginsBootstrapper.java:96)
	at springfox.documentation.spring.web.plugins.DocumentationPluginsBootstrapper.start(DocumentationPluginsBootstrapper.java:158)
	at org.springframework.context.support.DefaultLifecycleProcessor.doStart(DefaultLifecycleProcessor.java:182)
	at org.springframework.context.support.DefaultLifecycleProcessor.access$200(DefaultLifecycleProcessor.java:53)
	at org.springframework.context.support.DefaultLifecycleProcessor$LifecycleGroup.start(DefaultLifecycleProcessor.java:360)
	at org.springframework.context.support.DefaultLifecycleProcessor.startBeans(DefaultLifecycleProcessor.java:158)
	at org.springframework.context.support.DefaultLifecycleProcessor.onRefresh(DefaultLifecycleProcessor.java:122)
	at org.springframework.context.support.AbstractApplicationContext.finishRefresh(AbstractApplicationContext.java:879)
	at org.springframework.boot.web.servlet.context.ServletWebServerApplicationContext.finishRefresh(ServletWebServerApplicationContext.java:163)
	at org.springframework.context.support.AbstractApplicationContext.refresh(AbstractApplicationContext.java:549)
	at org.springframework.boot.web.servlet.context.ServletWebServerApplicationContext.refresh(ServletWebServerApplicationContext.java:142)
	at org.springframework.boot.SpringApplication.refresh(SpringApplication.java:775)
	at org.springframework.boot.SpringApplication.refreshContext(SpringApplication.java:397)
	at org.springframework.boot.SpringApplication.run(SpringApplication.java:316)
	at org.springframework.boot.SpringApplication.run(SpringApplication.java:1260)
	at org.springframework.boot.SpringApplication.run(SpringApplication.java:1248)
	at com.skies.TestApplication.main(TestApplication.java:10)
2019-01-10 10:40:42.314 [main] ERROR s.d.s.r.o.OperationHttpMethodReader - Invalid http method: getValid ones are [[Lorg.springframework.web.bind.annotation.RequestMethod;@23bd0c81]
java.lang.IllegalArgumentException: No enum constant org.springframework.web.bind.annotation.RequestMethod.get
	at java.lang.Enum.valueOf(Enum.java:238)
	at org.springframework.web.bind.annotation.RequestMethod.valueOf(RequestMethod.java:35)
	at springfox.documentation.swagger.readers.operation.OperationHttpMethodReader.apply(OperationHttpMethodReader.java:49)
	at springfox.documentation.spring.web.plugins.DocumentationPluginsManager.operation(DocumentationPluginsManager.java:120)
	at springfox.documentation.spring.web.readers.operation.ApiOperationReader.read(ApiOperationReader.java:73)
	at springfox.documentation.spring.web.scanners.CachingOperationReader$1.load(CachingOperationReader.java:50)
	at springfox.documentation.spring.web.scanners.CachingOperationReader$1.load(CachingOperationReader.java:48)
	at com.google.common.cache.LocalCache$LoadingValueReference.loadFuture(LocalCache.java:3628)
	at com.google.common.cache.LocalCache$Segment.loadSync(LocalCache.java:2336)
	at com.google.common.cache.LocalCache$Segment.lockedGetOrLoad(LocalCache.java:2295)
	at com.google.common.cache.LocalCache$Segment.get(LocalCache.java:2208)
	at com.google.common.cache.LocalCache.get(LocalCache.java:4053)
	at com.google.common.cache.LocalCache.getOrLoad(LocalCache.java:4057)
	at com.google.common.cache.LocalCache$LocalLoadingCache.get(LocalCache.java:4986)
	at com.google.common.cache.LocalCache$LocalLoadingCache.getUnchecked(LocalCache.java:4992)
	at springfox.documentation.spring.web.scanners.CachingOperationReader.read(CachingOperationReader.java:57)
	at springfox.documentation.spring.web.scanners.ApiDescriptionReader.read(ApiDescriptionReader.java:70)
	at springfox.documentation.spring.web.scanners.ApiListingScanner.scan(ApiListingScanner.java:90)
	at springfox.documentation.spring.web.scanners.ApiDocumentationScanner.scan(ApiDocumentationScanner.java:71)
	at springfox.documentation.spring.web.plugins.DocumentationPluginsBootstrapper.scanDocumentation(DocumentationPluginsBootstrapper.java:96)
	at springfox.documentation.spring.web.plugins.DocumentationPluginsBootstrapper.start(DocumentationPluginsBootstrapper.java:158)
	at org.springframework.context.support.DefaultLifecycleProcessor.doStart(DefaultLifecycleProcessor.java:182)
	at org.springframework.context.support.DefaultLifecycleProcessor.access$200(DefaultLifecycleProcessor.java:53)
	at org.springframework.context.support.DefaultLifecycleProcessor$LifecycleGroup.start(DefaultLifecycleProcessor.java:360)
	at org.springframework.context.support.DefaultLifecycleProcessor.startBeans(DefaultLifecycleProcessor.java:158)
	at org.springframework.context.support.DefaultLifecycleProcessor.onRefresh(DefaultLifecycleProcessor.java:122)
	at org.springframework.context.support.AbstractApplicationContext.finishRefresh(AbstractApplicationContext.java:879)
	at org.springframework.boot.web.servlet.context.ServletWebServerApplicationContext.finishRefresh(ServletWebServerApplicationContext.java:163)
	at org.springframework.context.support.AbstractApplicationContext.refresh(AbstractApplicationContext.java:549)
	at org.springframework.boot.web.servlet.context.ServletWebServerApplicationContext.refresh(ServletWebServerApplicationContext.java:142)
	at org.springframework.boot.SpringApplication.refresh(SpringApplication.java:775)
	at org.springframework.boot.SpringApplication.refreshContext(SpringApplication.java:397)
	at org.springframework.boot.SpringApplication.run(SpringApplication.java:316)
	at org.springframework.boot.SpringApplication.run(SpringApplication.java:1260)
	at org.springframework.boot.SpringApplication.run(SpringApplication.java:1248)
	at com.skies.TestApplication.main(TestApplication.java:10)
2019-01-10 10:40:42.318 [main] ERROR s.d.s.r.o.OperationHttpMethodReader - Invalid http method: getValid ones are [[Lorg.springframework.web.bind.annotation.RequestMethod;@1332dec4]
java.lang.IllegalArgumentException: No enum constant org.springframework.web.bind.annotation.RequestMethod.get
	at java.lang.Enum.valueOf(Enum.java:238)
	at org.springframework.web.bind.annotation.RequestMethod.valueOf(RequestMethod.java:35)
	at springfox.documentation.swagger.readers.operation.OperationHttpMethodReader.apply(OperationHttpMethodReader.java:49)
	at springfox.documentation.spring.web.plugins.DocumentationPluginsManager.operation(DocumentationPluginsManager.java:120)
	at springfox.documentation.spring.web.readers.operation.ApiOperationReader.read(ApiOperationReader.java:73)
	at springfox.documentation.spring.web.scanners.CachingOperationReader$1.load(CachingOperationReader.java:50)
	at springfox.documentation.spring.web.scanners.CachingOperationReader$1.load(CachingOperationReader.java:48)
	at com.google.common.cache.LocalCache$LoadingValueReference.loadFuture(LocalCache.java:3628)
	at com.google.common.cache.LocalCache$Segment.loadSync(LocalCache.java:2336)
	at com.google.common.cache.LocalCache$Segment.lockedGetOrLoad(LocalCache.java:2295)
	at com.google.common.cache.LocalCache$Segment.get(LocalCache.java:2208)
	at com.google.common.cache.LocalCache.get(LocalCache.java:4053)
	at com.google.common.cache.LocalCache.getOrLoad(LocalCache.java:4057)
	at com.google.common.cache.LocalCache$LocalLoadingCache.get(LocalCache.java:4986)
	at com.google.common.cache.LocalCache$LocalLoadingCache.getUnchecked(LocalCache.java:4992)
	at springfox.documentation.spring.web.scanners.CachingOperationReader.read(CachingOperationReader.java:57)
	at springfox.documentation.spring.web.scanners.ApiDescriptionReader.read(ApiDescriptionReader.java:70)
	at springfox.documentation.spring.web.scanners.ApiListingScanner.scan(ApiListingScanner.java:90)
	at springfox.documentation.spring.web.scanners.ApiDocumentationScanner.scan(ApiDocumentationScanner.java:71)
	at springfox.documentation.spring.web.plugins.DocumentationPluginsBootstrapper.scanDocumentation(DocumentationPluginsBootstrapper.java:96)
	at springfox.documentation.spring.web.plugins.DocumentationPluginsBootstrapper.start(DocumentationPluginsBootstrapper.java:158)
	at org.springframework.context.support.DefaultLifecycleProcessor.doStart(DefaultLifecycleProcessor.java:182)
	at org.springframework.context.support.DefaultLifecycleProcessor.access$200(DefaultLifecycleProcessor.java:53)
	at org.springframework.context.support.DefaultLifecycleProcessor$LifecycleGroup.start(DefaultLifecycleProcessor.java:360)
	at org.springframework.context.support.DefaultLifecycleProcessor.startBeans(DefaultLifecycleProcessor.java:158)
	at org.springframework.context.support.DefaultLifecycleProcessor.onRefresh(DefaultLifecycleProcessor.java:122)
	at org.springframework.context.support.AbstractApplicationContext.finishRefresh(AbstractApplicationContext.java:879)
	at org.springframework.boot.web.servlet.context.ServletWebServerApplicationContext.finishRefresh(ServletWebServerApplicationContext.java:163)
	at org.springframework.context.support.AbstractApplicationContext.refresh(AbstractApplicationContext.java:549)
	at org.springframework.boot.web.servlet.context.ServletWebServerApplicationContext.refresh(ServletWebServerApplicationContext.java:142)
	at org.springframework.boot.SpringApplication.refresh(SpringApplication.java:775)
	at org.springframework.boot.SpringApplication.refreshContext(SpringApplication.java:397)
	at org.springframework.boot.SpringApplication.run(SpringApplication.java:316)
	at org.springframework.boot.SpringApplication.run(SpringApplication.java:1260)
	at org.springframework.boot.SpringApplication.run(SpringApplication.java:1248)
	at com.skies.TestApplication.main(TestApplication.java:10)
2019-01-10 10:40:42.321 [main] ERROR s.d.s.r.o.OperationHttpMethodReader - Invalid http method: getValid ones are [[Lorg.springframework.web.bind.annotation.RequestMethod;@6889f56f]
java.lang.IllegalArgumentException: No enum constant org.springframework.web.bind.annotation.RequestMethod.get
	at java.lang.Enum.valueOf(Enum.java:238)
	at org.springframework.web.bind.annotation.RequestMethod.valueOf(RequestMethod.java:35)
	at springfox.documentation.swagger.readers.operation.OperationHttpMethodReader.apply(OperationHttpMethodReader.java:49)
	at springfox.documentation.spring.web.plugins.DocumentationPluginsManager.operation(DocumentationPluginsManager.java:120)
	at springfox.documentation.spring.web.readers.operation.ApiOperationReader.read(ApiOperationReader.java:73)
	at springfox.documentation.spring.web.scanners.CachingOperationReader$1.load(CachingOperationReader.java:50)
	at springfox.documentation.spring.web.scanners.CachingOperationReader$1.load(CachingOperationReader.java:48)
	at com.google.common.cache.LocalCache$LoadingValueReference.loadFuture(LocalCache.java:3628)
	at com.google.common.cache.LocalCache$Segment.loadSync(LocalCache.java:2336)
	at com.google.common.cache.LocalCache$Segment.lockedGetOrLoad(LocalCache.java:2295)
	at com.google.common.cache.LocalCache$Segment.get(LocalCache.java:2208)
	at com.google.common.cache.LocalCache.get(LocalCache.java:4053)
	at com.google.common.cache.LocalCache.getOrLoad(LocalCache.java:4057)
	at com.google.common.cache.LocalCache$LocalLoadingCache.get(LocalCache.java:4986)
	at com.google.common.cache.LocalCache$LocalLoadingCache.getUnchecked(LocalCache.java:4992)
	at springfox.documentation.spring.web.scanners.CachingOperationReader.read(CachingOperationReader.java:57)
	at springfox.documentation.spring.web.scanners.ApiDescriptionReader.read(ApiDescriptionReader.java:70)
	at springfox.documentation.spring.web.scanners.ApiListingScanner.scan(ApiListingScanner.java:90)
	at springfox.documentation.spring.web.scanners.ApiDocumentationScanner.scan(ApiDocumentationScanner.java:71)
	at springfox.documentation.spring.web.plugins.DocumentationPluginsBootstrapper.scanDocumentation(DocumentationPluginsBootstrapper.java:96)
	at springfox.documentation.spring.web.plugins.DocumentationPluginsBootstrapper.start(DocumentationPluginsBootstrapper.java:158)
	at org.springframework.context.support.DefaultLifecycleProcessor.doStart(DefaultLifecycleProcessor.java:182)
	at org.springframework.context.support.DefaultLifecycleProcessor.access$200(DefaultLifecycleProcessor.java:53)
	at org.springframework.context.support.DefaultLifecycleProcessor$LifecycleGroup.start(DefaultLifecycleProcessor.java:360)
	at org.springframework.context.support.DefaultLifecycleProcessor.startBeans(DefaultLifecycleProcessor.java:158)
	at org.springframework.context.support.DefaultLifecycleProcessor.onRefresh(DefaultLifecycleProcessor.java:122)
	at org.springframework.context.support.AbstractApplicationContext.finishRefresh(AbstractApplicationContext.java:879)
	at org.springframework.boot.web.servlet.context.ServletWebServerApplicationContext.finishRefresh(ServletWebServerApplicationContext.java:163)
	at org.springframework.context.support.AbstractApplicationContext.refresh(AbstractApplicationContext.java:549)
	at org.springframework.boot.web.servlet.context.ServletWebServerApplicationContext.refresh(ServletWebServerApplicationContext.java:142)
	at org.springframework.boot.SpringApplication.refresh(SpringApplication.java:775)
	at org.springframework.boot.SpringApplication.refreshContext(SpringApplication.java:397)
	at org.springframework.boot.SpringApplication.run(SpringApplication.java:316)
	at org.springframework.boot.SpringApplication.run(SpringApplication.java:1260)
	at org.springframework.boot.SpringApplication.run(SpringApplication.java:1248)
	at com.skies.TestApplication.main(TestApplication.java:10)
2019-01-10 10:41:53.673 [main] ERROR s.d.s.r.o.OperationHttpMethodReader - Invalid http method: getValid ones are [[Lorg.springframework.web.bind.annotation.RequestMethod;@15605d83]
java.lang.IllegalArgumentException: No enum constant org.springframework.web.bind.annotation.RequestMethod.get
	at java.lang.Enum.valueOf(Enum.java:238)
	at org.springframework.web.bind.annotation.RequestMethod.valueOf(RequestMethod.java:35)
	at springfox.documentation.swagger.readers.operation.OperationHttpMethodReader.apply(OperationHttpMethodReader.java:49)
	at springfox.documentation.spring.web.plugins.DocumentationPluginsManager.operation(DocumentationPluginsManager.java:120)
	at springfox.documentation.spring.web.readers.operation.ApiOperationReader.read(ApiOperationReader.java:73)
	at springfox.documentation.spring.web.scanners.CachingOperationReader$1.load(CachingOperationReader.java:50)
	at springfox.documentation.spring.web.scanners.CachingOperationReader$1.load(CachingOperationReader.java:48)
	at com.google.common.cache.LocalCache$LoadingValueReference.loadFuture(LocalCache.java:3628)
	at com.google.common.cache.LocalCache$Segment.loadSync(LocalCache.java:2336)
	at com.google.common.cache.LocalCache$Segment.lockedGetOrLoad(LocalCache.java:2295)
	at com.google.common.cache.LocalCache$Segment.get(LocalCache.java:2208)
	at com.google.common.cache.LocalCache.get(LocalCache.java:4053)
	at com.google.common.cache.LocalCache.getOrLoad(LocalCache.java:4057)
	at com.google.common.cache.LocalCache$LocalLoadingCache.get(LocalCache.java:4986)
	at com.google.common.cache.LocalCache$LocalLoadingCache.getUnchecked(LocalCache.java:4992)
	at springfox.documentation.spring.web.scanners.CachingOperationReader.read(CachingOperationReader.java:57)
	at springfox.documentation.spring.web.scanners.ApiDescriptionReader.read(ApiDescriptionReader.java:70)
	at springfox.documentation.spring.web.scanners.ApiListingScanner.scan(ApiListingScanner.java:90)
	at springfox.documentation.spring.web.scanners.ApiDocumentationScanner.scan(ApiDocumentationScanner.java:71)
	at springfox.documentation.spring.web.plugins.DocumentationPluginsBootstrapper.scanDocumentation(DocumentationPluginsBootstrapper.java:96)
	at springfox.documentation.spring.web.plugins.DocumentationPluginsBootstrapper.start(DocumentationPluginsBootstrapper.java:158)
	at org.springframework.context.support.DefaultLifecycleProcessor.doStart(DefaultLifecycleProcessor.java:182)
	at org.springframework.context.support.DefaultLifecycleProcessor.access$200(DefaultLifecycleProcessor.java:53)
	at org.springframework.context.support.DefaultLifecycleProcessor$LifecycleGroup.start(DefaultLifecycleProcessor.java:360)
	at org.springframework.context.support.DefaultLifecycleProcessor.startBeans(DefaultLifecycleProcessor.java:158)
	at org.springframework.context.support.DefaultLifecycleProcessor.onRefresh(DefaultLifecycleProcessor.java:122)
	at org.springframework.context.support.AbstractApplicationContext.finishRefresh(AbstractApplicationContext.java:879)
	at org.springframework.boot.web.servlet.context.ServletWebServerApplicationContext.finishRefresh(ServletWebServerApplicationContext.java:163)
	at org.springframework.context.support.AbstractApplicationContext.refresh(AbstractApplicationContext.java:549)
	at org.springframework.boot.web.servlet.context.ServletWebServerApplicationContext.refresh(ServletWebServerApplicationContext.java:142)
	at org.springframework.boot.SpringApplication.refresh(SpringApplication.java:775)
	at org.springframework.boot.SpringApplication.refreshContext(SpringApplication.java:397)
	at org.springframework.boot.SpringApplication.run(SpringApplication.java:316)
	at org.springframework.boot.SpringApplication.run(SpringApplication.java:1260)
	at org.springframework.boot.SpringApplication.run(SpringApplication.java:1248)
	at com.skies.TestApplication.main(TestApplication.java:10)
2019-01-10 10:41:53.701 [main] ERROR s.d.s.r.o.OperationHttpMethodReader - Invalid http method: getValid ones are [[Lorg.springframework.web.bind.annotation.RequestMethod;@6314df3c]
java.lang.IllegalArgumentException: No enum constant org.springframework.web.bind.annotation.RequestMethod.get
	at java.lang.Enum.valueOf(Enum.java:238)
	at org.springframework.web.bind.annotation.RequestMethod.valueOf(RequestMethod.java:35)
	at springfox.documentation.swagger.readers.operation.OperationHttpMethodReader.apply(OperationHttpMethodReader.java:49)
	at springfox.documentation.spring.web.plugins.DocumentationPluginsManager.operation(DocumentationPluginsManager.java:120)
	at springfox.documentation.spring.web.readers.operation.ApiOperationReader.read(ApiOperationReader.java:73)
	at springfox.documentation.spring.web.scanners.CachingOperationReader$1.load(CachingOperationReader.java:50)
	at springfox.documentation.spring.web.scanners.CachingOperationReader$1.load(CachingOperationReader.java:48)
	at com.google.common.cache.LocalCache$LoadingValueReference.loadFuture(LocalCache.java:3628)
	at com.google.common.cache.LocalCache$Segment.loadSync(LocalCache.java:2336)
	at com.google.common.cache.LocalCache$Segment.lockedGetOrLoad(LocalCache.java:2295)
	at com.google.common.cache.LocalCache$Segment.get(LocalCache.java:2208)
	at com.google.common.cache.LocalCache.get(LocalCache.java:4053)
	at com.google.common.cache.LocalCache.getOrLoad(LocalCache.java:4057)
	at com.google.common.cache.LocalCache$LocalLoadingCache.get(LocalCache.java:4986)
	at com.google.common.cache.LocalCache$LocalLoadingCache.getUnchecked(LocalCache.java:4992)
	at springfox.documentation.spring.web.scanners.CachingOperationReader.read(CachingOperationReader.java:57)
	at springfox.documentation.spring.web.scanners.ApiDescriptionReader.read(ApiDescriptionReader.java:70)
	at springfox.documentation.spring.web.scanners.ApiListingScanner.scan(ApiListingScanner.java:90)
	at springfox.documentation.spring.web.scanners.ApiDocumentationScanner.scan(ApiDocumentationScanner.java:71)
	at springfox.documentation.spring.web.plugins.DocumentationPluginsBootstrapper.scanDocumentation(DocumentationPluginsBootstrapper.java:96)
	at springfox.documentation.spring.web.plugins.DocumentationPluginsBootstrapper.start(DocumentationPluginsBootstrapper.java:158)
	at org.springframework.context.support.DefaultLifecycleProcessor.doStart(DefaultLifecycleProcessor.java:182)
	at org.springframework.context.support.DefaultLifecycleProcessor.access$200(DefaultLifecycleProcessor.java:53)
	at org.springframework.context.support.DefaultLifecycleProcessor$LifecycleGroup.start(DefaultLifecycleProcessor.java:360)
	at org.springframework.context.support.DefaultLifecycleProcessor.startBeans(DefaultLifecycleProcessor.java:158)
	at org.springframework.context.support.DefaultLifecycleProcessor.onRefresh(DefaultLifecycleProcessor.java:122)
	at org.springframework.context.support.AbstractApplicationContext.finishRefresh(AbstractApplicationContext.java:879)
	at org.springframework.boot.web.servlet.context.ServletWebServerApplicationContext.finishRefresh(ServletWebServerApplicationContext.java:163)
	at org.springframework.context.support.AbstractApplicationContext.refresh(AbstractApplicationContext.java:549)
	at org.springframework.boot.web.servlet.context.ServletWebServerApplicationContext.refresh(ServletWebServerApplicationContext.java:142)
	at org.springframework.boot.SpringApplication.refresh(SpringApplication.java:775)
	at org.springframework.boot.SpringApplication.refreshContext(SpringApplication.java:397)
	at org.springframework.boot.SpringApplication.run(SpringApplication.java:316)
	at org.springframework.boot.SpringApplication.run(SpringApplication.java:1260)
	at org.springframework.boot.SpringApplication.run(SpringApplication.java:1248)
	at com.skies.TestApplication.main(TestApplication.java:10)
2019-01-10 10:41:53.704 [main] ERROR s.d.s.r.o.OperationHttpMethodReader - Invalid http method: getValid ones are [[Lorg.springframework.web.bind.annotation.RequestMethod;@10b8b900]
java.lang.IllegalArgumentException: No enum constant org.springframework.web.bind.annotation.RequestMethod.get
	at java.lang.Enum.valueOf(Enum.java:238)
	at org.springframework.web.bind.annotation.RequestMethod.valueOf(RequestMethod.java:35)
	at springfox.documentation.swagger.readers.operation.OperationHttpMethodReader.apply(OperationHttpMethodReader.java:49)
	at springfox.documentation.spring.web.plugins.DocumentationPluginsManager.operation(DocumentationPluginsManager.java:120)
	at springfox.documentation.spring.web.readers.operation.ApiOperationReader.read(ApiOperationReader.java:73)
	at springfox.documentation.spring.web.scanners.CachingOperationReader$1.load(CachingOperationReader.java:50)
	at springfox.documentation.spring.web.scanners.CachingOperationReader$1.load(CachingOperationReader.java:48)
	at com.google.common.cache.LocalCache$LoadingValueReference.loadFuture(LocalCache.java:3628)
	at com.google.common.cache.LocalCache$Segment.loadSync(LocalCache.java:2336)
	at com.google.common.cache.LocalCache$Segment.lockedGetOrLoad(LocalCache.java:2295)
	at com.google.common.cache.LocalCache$Segment.get(LocalCache.java:2208)
	at com.google.common.cache.LocalCache.get(LocalCache.java:4053)
	at com.google.common.cache.LocalCache.getOrLoad(LocalCache.java:4057)
	at com.google.common.cache.LocalCache$LocalLoadingCache.get(LocalCache.java:4986)
	at com.google.common.cache.LocalCache$LocalLoadingCache.getUnchecked(LocalCache.java:4992)
	at springfox.documentation.spring.web.scanners.CachingOperationReader.read(CachingOperationReader.java:57)
	at springfox.documentation.spring.web.scanners.ApiDescriptionReader.read(ApiDescriptionReader.java:70)
	at springfox.documentation.spring.web.scanners.ApiListingScanner.scan(ApiListingScanner.java:90)
	at springfox.documentation.spring.web.scanners.ApiDocumentationScanner.scan(ApiDocumentationScanner.java:71)
	at springfox.documentation.spring.web.plugins.DocumentationPluginsBootstrapper.scanDocumentation(DocumentationPluginsBootstrapper.java:96)
	at springfox.documentation.spring.web.plugins.DocumentationPluginsBootstrapper.start(DocumentationPluginsBootstrapper.java:158)
	at org.springframework.context.support.DefaultLifecycleProcessor.doStart(DefaultLifecycleProcessor.java:182)
	at org.springframework.context.support.DefaultLifecycleProcessor.access$200(DefaultLifecycleProcessor.java:53)
	at org.springframework.context.support.DefaultLifecycleProcessor$LifecycleGroup.start(DefaultLifecycleProcessor.java:360)
	at org.springframework.context.support.DefaultLifecycleProcessor.startBeans(DefaultLifecycleProcessor.java:158)
	at org.springframework.context.support.DefaultLifecycleProcessor.onRefresh(DefaultLifecycleProcessor.java:122)
	at org.springframework.context.support.AbstractApplicationContext.finishRefresh(AbstractApplicationContext.java:879)
	at org.springframework.boot.web.servlet.context.ServletWebServerApplicationContext.finishRefresh(ServletWebServerApplicationContext.java:163)
	at org.springframework.context.support.AbstractApplicationContext.refresh(AbstractApplicationContext.java:549)
	at org.springframework.boot.web.servlet.context.ServletWebServerApplicationContext.refresh(ServletWebServerApplicationContext.java:142)
	at org.springframework.boot.SpringApplication.refresh(SpringApplication.java:775)
	at org.springframework.boot.SpringApplication.refreshContext(SpringApplication.java:397)
	at org.springframework.boot.SpringApplication.run(SpringApplication.java:316)
	at org.springframework.boot.SpringApplication.run(SpringApplication.java:1260)
	at org.springframework.boot.SpringApplication.run(SpringApplication.java:1248)
	at com.skies.TestApplication.main(TestApplication.java:10)
2019-01-10 10:41:53.708 [main] ERROR s.d.s.r.o.OperationHttpMethodReader - Invalid http method: getValid ones are [[Lorg.springframework.web.bind.annotation.RequestMethod;@2801827a]
java.lang.IllegalArgumentException: No enum constant org.springframework.web.bind.annotation.RequestMethod.get
	at java.lang.Enum.valueOf(Enum.java:238)
	at org.springframework.web.bind.annotation.RequestMethod.valueOf(RequestMethod.java:35)
	at springfox.documentation.swagger.readers.operation.OperationHttpMethodReader.apply(OperationHttpMethodReader.java:49)
	at springfox.documentation.spring.web.plugins.DocumentationPluginsManager.operation(DocumentationPluginsManager.java:120)
	at springfox.documentation.spring.web.readers.operation.ApiOperationReader.read(ApiOperationReader.java:73)
	at springfox.documentation.spring.web.scanners.CachingOperationReader$1.load(CachingOperationReader.java:50)
	at springfox.documentation.spring.web.scanners.CachingOperationReader$1.load(CachingOperationReader.java:48)
	at com.google.common.cache.LocalCache$LoadingValueReference.loadFuture(LocalCache.java:3628)
	at com.google.common.cache.LocalCache$Segment.loadSync(LocalCache.java:2336)
	at com.google.common.cache.LocalCache$Segment.lockedGetOrLoad(LocalCache.java:2295)
	at com.google.common.cache.LocalCache$Segment.get(LocalCache.java:2208)
	at com.google.common.cache.LocalCache.get(LocalCache.java:4053)
	at com.google.common.cache.LocalCache.getOrLoad(LocalCache.java:4057)
	at com.google.common.cache.LocalCache$LocalLoadingCache.get(LocalCache.java:4986)
	at com.google.common.cache.LocalCache$LocalLoadingCache.getUnchecked(LocalCache.java:4992)
	at springfox.documentation.spring.web.scanners.CachingOperationReader.read(CachingOperationReader.java:57)
	at springfox.documentation.spring.web.scanners.ApiDescriptionReader.read(ApiDescriptionReader.java:70)
	at springfox.documentation.spring.web.scanners.ApiListingScanner.scan(ApiListingScanner.java:90)
	at springfox.documentation.spring.web.scanners.ApiDocumentationScanner.scan(ApiDocumentationScanner.java:71)
	at springfox.documentation.spring.web.plugins.DocumentationPluginsBootstrapper.scanDocumentation(DocumentationPluginsBootstrapper.java:96)
	at springfox.documentation.spring.web.plugins.DocumentationPluginsBootstrapper.start(DocumentationPluginsBootstrapper.java:158)
	at org.springframework.context.support.DefaultLifecycleProcessor.doStart(DefaultLifecycleProcessor.java:182)
	at org.springframework.context.support.DefaultLifecycleProcessor.access$200(DefaultLifecycleProcessor.java:53)
	at org.springframework.context.support.DefaultLifecycleProcessor$LifecycleGroup.start(DefaultLifecycleProcessor.java:360)
	at org.springframework.context.support.DefaultLifecycleProcessor.startBeans(DefaultLifecycleProcessor.java:158)
	at org.springframework.context.support.DefaultLifecycleProcessor.onRefresh(DefaultLifecycleProcessor.java:122)
	at org.springframework.context.support.AbstractApplicationContext.finishRefresh(AbstractApplicationContext.java:879)
	at org.springframework.boot.web.servlet.context.ServletWebServerApplicationContext.finishRefresh(ServletWebServerApplicationContext.java:163)
	at org.springframework.context.support.AbstractApplicationContext.refresh(AbstractApplicationContext.java:549)
	at org.springframework.boot.web.servlet.context.ServletWebServerApplicationContext.refresh(ServletWebServerApplicationContext.java:142)
	at org.springframework.boot.SpringApplication.refresh(SpringApplication.java:775)
	at org.springframework.boot.SpringApplication.refreshContext(SpringApplication.java:397)
	at org.springframework.boot.SpringApplication.run(SpringApplication.java:316)
	at org.springframework.boot.SpringApplication.run(SpringApplication.java:1260)
	at org.springframework.boot.SpringApplication.run(SpringApplication.java:1248)
	at com.skies.TestApplication.main(TestApplication.java:10)
2019-01-10 10:41:53.711 [main] ERROR s.d.s.r.o.OperationHttpMethodReader - Invalid http method: getValid ones are [[Lorg.springframework.web.bind.annotation.RequestMethod;@599f1b7]
java.lang.IllegalArgumentException: No enum constant org.springframework.web.bind.annotation.RequestMethod.get
	at java.lang.Enum.valueOf(Enum.java:238)
	at org.springframework.web.bind.annotation.RequestMethod.valueOf(RequestMethod.java:35)
	at springfox.documentation.swagger.readers.operation.OperationHttpMethodReader.apply(OperationHttpMethodReader.java:49)
	at springfox.documentation.spring.web.plugins.DocumentationPluginsManager.operation(DocumentationPluginsManager.java:120)
	at springfox.documentation.spring.web.readers.operation.ApiOperationReader.read(ApiOperationReader.java:73)
	at springfox.documentation.spring.web.scanners.CachingOperationReader$1.load(CachingOperationReader.java:50)
	at springfox.documentation.spring.web.scanners.CachingOperationReader$1.load(CachingOperationReader.java:48)
	at com.google.common.cache.LocalCache$LoadingValueReference.loadFuture(LocalCache.java:3628)
	at com.google.common.cache.LocalCache$Segment.loadSync(LocalCache.java:2336)
	at com.google.common.cache.LocalCache$Segment.lockedGetOrLoad(LocalCache.java:2295)
	at com.google.common.cache.LocalCache$Segment.get(LocalCache.java:2208)
	at com.google.common.cache.LocalCache.get(LocalCache.java:4053)
	at com.google.common.cache.LocalCache.getOrLoad(LocalCache.java:4057)
	at com.google.common.cache.LocalCache$LocalLoadingCache.get(LocalCache.java:4986)
	at com.google.common.cache.LocalCache$LocalLoadingCache.getUnchecked(LocalCache.java:4992)
	at springfox.documentation.spring.web.scanners.CachingOperationReader.read(CachingOperationReader.java:57)
	at springfox.documentation.spring.web.scanners.ApiDescriptionReader.read(ApiDescriptionReader.java:70)
	at springfox.documentation.spring.web.scanners.ApiListingScanner.scan(ApiListingScanner.java:90)
	at springfox.documentation.spring.web.scanners.ApiDocumentationScanner.scan(ApiDocumentationScanner.java:71)
	at springfox.documentation.spring.web.plugins.DocumentationPluginsBootstrapper.scanDocumentation(DocumentationPluginsBootstrapper.java:96)
	at springfox.documentation.spring.web.plugins.DocumentationPluginsBootstrapper.start(DocumentationPluginsBootstrapper.java:158)
	at org.springframework.context.support.DefaultLifecycleProcessor.doStart(DefaultLifecycleProcessor.java:182)
	at org.springframework.context.support.DefaultLifecycleProcessor.access$200(DefaultLifecycleProcessor.java:53)
	at org.springframework.context.support.DefaultLifecycleProcessor$LifecycleGroup.start(DefaultLifecycleProcessor.java:360)
	at org.springframework.context.support.DefaultLifecycleProcessor.startBeans(DefaultLifecycleProcessor.java:158)
	at org.springframework.context.support.DefaultLifecycleProcessor.onRefresh(DefaultLifecycleProcessor.java:122)
	at org.springframework.context.support.AbstractApplicationContext.finishRefresh(AbstractApplicationContext.java:879)
	at org.springframework.boot.web.servlet.context.ServletWebServerApplicationContext.finishRefresh(ServletWebServerApplicationContext.java:163)
	at org.springframework.context.support.AbstractApplicationContext.refresh(AbstractApplicationContext.java:549)
	at org.springframework.boot.web.servlet.context.ServletWebServerApplicationContext.refresh(ServletWebServerApplicationContext.java:142)
	at org.springframework.boot.SpringApplication.refresh(SpringApplication.java:775)
	at org.springframework.boot.SpringApplication.refreshContext(SpringApplication.java:397)
	at org.springframework.boot.SpringApplication.run(SpringApplication.java:316)
	at org.springframework.boot.SpringApplication.run(SpringApplication.java:1260)
	at org.springframework.boot.SpringApplication.run(SpringApplication.java:1248)
	at com.skies.TestApplication.main(TestApplication.java:10)
2019-01-10 10:41:53.717 [main] ERROR s.d.s.r.o.OperationHttpMethodReader - Invalid http method: getValid ones are [[Lorg.springframework.web.bind.annotation.RequestMethod;@64f4f12]
java.lang.IllegalArgumentException: No enum constant org.springframework.web.bind.annotation.RequestMethod.get
	at java.lang.Enum.valueOf(Enum.java:238)
	at org.springframework.web.bind.annotation.RequestMethod.valueOf(RequestMethod.java:35)
	at springfox.documentation.swagger.readers.operation.OperationHttpMethodReader.apply(OperationHttpMethodReader.java:49)
	at springfox.documentation.spring.web.plugins.DocumentationPluginsManager.operation(DocumentationPluginsManager.java:120)
	at springfox.documentation.spring.web.readers.operation.ApiOperationReader.read(ApiOperationReader.java:73)
	at springfox.documentation.spring.web.scanners.CachingOperationReader$1.load(CachingOperationReader.java:50)
	at springfox.documentation.spring.web.scanners.CachingOperationReader$1.load(CachingOperationReader.java:48)
	at com.google.common.cache.LocalCache$LoadingValueReference.loadFuture(LocalCache.java:3628)
	at com.google.common.cache.LocalCache$Segment.loadSync(LocalCache.java:2336)
	at com.google.common.cache.LocalCache$Segment.lockedGetOrLoad(LocalCache.java:2295)
	at com.google.common.cache.LocalCache$Segment.get(LocalCache.java:2208)
	at com.google.common.cache.LocalCache.get(LocalCache.java:4053)
	at com.google.common.cache.LocalCache.getOrLoad(LocalCache.java:4057)
	at com.google.common.cache.LocalCache$LocalLoadingCache.get(LocalCache.java:4986)
	at com.google.common.cache.LocalCache$LocalLoadingCache.getUnchecked(LocalCache.java:4992)
	at springfox.documentation.spring.web.scanners.CachingOperationReader.read(CachingOperationReader.java:57)
	at springfox.documentation.spring.web.scanners.ApiDescriptionReader.read(ApiDescriptionReader.java:70)
	at springfox.documentation.spring.web.scanners.ApiListingScanner.scan(ApiListingScanner.java:90)
	at springfox.documentation.spring.web.scanners.ApiDocumentationScanner.scan(ApiDocumentationScanner.java:71)
	at springfox.documentation.spring.web.plugins.DocumentationPluginsBootstrapper.scanDocumentation(DocumentationPluginsBootstrapper.java:96)
	at springfox.documentation.spring.web.plugins.DocumentationPluginsBootstrapper.start(DocumentationPluginsBootstrapper.java:158)
	at org.springframework.context.support.DefaultLifecycleProcessor.doStart(DefaultLifecycleProcessor.java:182)
	at org.springframework.context.support.DefaultLifecycleProcessor.access$200(DefaultLifecycleProcessor.java:53)
	at org.springframework.context.support.DefaultLifecycleProcessor$LifecycleGroup.start(DefaultLifecycleProcessor.java:360)
	at org.springframework.context.support.DefaultLifecycleProcessor.startBeans(DefaultLifecycleProcessor.java:158)
	at org.springframework.context.support.DefaultLifecycleProcessor.onRefresh(DefaultLifecycleProcessor.java:122)
	at org.springframework.context.support.AbstractApplicationContext.finishRefresh(AbstractApplicationContext.java:879)
	at org.springframework.boot.web.servlet.context.ServletWebServerApplicationContext.finishRefresh(ServletWebServerApplicationContext.java:163)
	at org.springframework.context.support.AbstractApplicationContext.refresh(AbstractApplicationContext.java:549)
	at org.springframework.boot.web.servlet.context.ServletWebServerApplicationContext.refresh(ServletWebServerApplicationContext.java:142)
	at org.springframework.boot.SpringApplication.refresh(SpringApplication.java:775)
	at org.springframework.boot.SpringApplication.refreshContext(SpringApplication.java:397)
	at org.springframework.boot.SpringApplication.run(SpringApplication.java:316)
	at org.springframework.boot.SpringApplication.run(SpringApplication.java:1260)
	at org.springframework.boot.SpringApplication.run(SpringApplication.java:1248)
	at com.skies.TestApplication.main(TestApplication.java:10)
2019-01-10 10:41:53.720 [main] ERROR s.d.s.r.o.OperationHttpMethodReader - Invalid http method: getValid ones are [[Lorg.springframework.web.bind.annotation.RequestMethod;@37d28938]
java.lang.IllegalArgumentException: No enum constant org.springframework.web.bind.annotation.RequestMethod.get
	at java.lang.Enum.valueOf(Enum.java:238)
	at org.springframework.web.bind.annotation.RequestMethod.valueOf(RequestMethod.java:35)
	at springfox.documentation.swagger.readers.operation.OperationHttpMethodReader.apply(OperationHttpMethodReader.java:49)
	at springfox.documentation.spring.web.plugins.DocumentationPluginsManager.operation(DocumentationPluginsManager.java:120)
	at springfox.documentation.spring.web.readers.operation.ApiOperationReader.read(ApiOperationReader.java:73)
	at springfox.documentation.spring.web.scanners.CachingOperationReader$1.load(CachingOperationReader.java:50)
	at springfox.documentation.spring.web.scanners.CachingOperationReader$1.load(CachingOperationReader.java:48)
	at com.google.common.cache.LocalCache$LoadingValueReference.loadFuture(LocalCache.java:3628)
	at com.google.common.cache.LocalCache$Segment.loadSync(LocalCache.java:2336)
	at com.google.common.cache.LocalCache$Segment.lockedGetOrLoad(LocalCache.java:2295)
	at com.google.common.cache.LocalCache$Segment.get(LocalCache.java:2208)
	at com.google.common.cache.LocalCache.get(LocalCache.java:4053)
	at com.google.common.cache.LocalCache.getOrLoad(LocalCache.java:4057)
	at com.google.common.cache.LocalCache$LocalLoadingCache.get(LocalCache.java:4986)
	at com.google.common.cache.LocalCache$LocalLoadingCache.getUnchecked(LocalCache.java:4992)
	at springfox.documentation.spring.web.scanners.CachingOperationReader.read(CachingOperationReader.java:57)
	at springfox.documentation.spring.web.scanners.ApiDescriptionReader.read(ApiDescriptionReader.java:70)
	at springfox.documentation.spring.web.scanners.ApiListingScanner.scan(ApiListingScanner.java:90)
	at springfox.documentation.spring.web.scanners.ApiDocumentationScanner.scan(ApiDocumentationScanner.java:71)
	at springfox.documentation.spring.web.plugins.DocumentationPluginsBootstrapper.scanDocumentation(DocumentationPluginsBootstrapper.java:96)
	at springfox.documentation.spring.web.plugins.DocumentationPluginsBootstrapper.start(DocumentationPluginsBootstrapper.java:158)
	at org.springframework.context.support.DefaultLifecycleProcessor.doStart(DefaultLifecycleProcessor.java:182)
	at org.springframework.context.support.DefaultLifecycleProcessor.access$200(DefaultLifecycleProcessor.java:53)
	at org.springframework.context.support.DefaultLifecycleProcessor$LifecycleGroup.start(DefaultLifecycleProcessor.java:360)
	at org.springframework.context.support.DefaultLifecycleProcessor.startBeans(DefaultLifecycleProcessor.java:158)
	at org.springframework.context.support.DefaultLifecycleProcessor.onRefresh(DefaultLifecycleProcessor.java:122)
	at org.springframework.context.support.AbstractApplicationContext.finishRefresh(AbstractApplicationContext.java:879)
	at org.springframework.boot.web.servlet.context.ServletWebServerApplicationContext.finishRefresh(ServletWebServerApplicationContext.java:163)
	at org.springframework.context.support.AbstractApplicationContext.refresh(AbstractApplicationContext.java:549)
	at org.springframework.boot.web.servlet.context.ServletWebServerApplicationContext.refresh(ServletWebServerApplicationContext.java:142)
	at org.springframework.boot.SpringApplication.refresh(SpringApplication.java:775)
	at org.springframework.boot.SpringApplication.refreshContext(SpringApplication.java:397)
	at org.springframework.boot.SpringApplication.run(SpringApplication.java:316)
	at org.springframework.boot.SpringApplication.run(SpringApplication.java:1260)
	at org.springframework.boot.SpringApplication.run(SpringApplication.java:1248)
	at com.skies.TestApplication.main(TestApplication.java:10)
2019-01-10 10:41:53.724 [main] ERROR s.d.s.r.o.OperationHttpMethodReader - Invalid http method: getValid ones are [[Lorg.springframework.web.bind.annotation.RequestMethod;@17c4dc5b]
java.lang.IllegalArgumentException: No enum constant org.springframework.web.bind.annotation.RequestMethod.get
	at java.lang.Enum.valueOf(Enum.java:238)
	at org.springframework.web.bind.annotation.RequestMethod.valueOf(RequestMethod.java:35)
	at springfox.documentation.swagger.readers.operation.OperationHttpMethodReader.apply(OperationHttpMethodReader.java:49)
	at springfox.documentation.spring.web.plugins.DocumentationPluginsManager.operation(DocumentationPluginsManager.java:120)
	at springfox.documentation.spring.web.readers.operation.ApiOperationReader.read(ApiOperationReader.java:73)
	at springfox.documentation.spring.web.scanners.CachingOperationReader$1.load(CachingOperationReader.java:50)
	at springfox.documentation.spring.web.scanners.CachingOperationReader$1.load(CachingOperationReader.java:48)
	at com.google.common.cache.LocalCache$LoadingValueReference.loadFuture(LocalCache.java:3628)
	at com.google.common.cache.LocalCache$Segment.loadSync(LocalCache.java:2336)
	at com.google.common.cache.LocalCache$Segment.lockedGetOrLoad(LocalCache.java:2295)
	at com.google.common.cache.LocalCache$Segment.get(LocalCache.java:2208)
	at com.google.common.cache.LocalCache.get(LocalCache.java:4053)
	at com.google.common.cache.LocalCache.getOrLoad(LocalCache.java:4057)
	at com.google.common.cache.LocalCache$LocalLoadingCache.get(LocalCache.java:4986)
	at com.google.common.cache.LocalCache$LocalLoadingCache.getUnchecked(LocalCache.java:4992)
	at springfox.documentation.spring.web.scanners.CachingOperationReader.read(CachingOperationReader.java:57)
	at springfox.documentation.spring.web.scanners.ApiDescriptionReader.read(ApiDescriptionReader.java:70)
	at springfox.documentation.spring.web.scanners.ApiListingScanner.scan(ApiListingScanner.java:90)
	at springfox.documentation.spring.web.scanners.ApiDocumentationScanner.scan(ApiDocumentationScanner.java:71)
	at springfox.documentation.spring.web.plugins.DocumentationPluginsBootstrapper.scanDocumentation(DocumentationPluginsBootstrapper.java:96)
	at springfox.documentation.spring.web.plugins.DocumentationPluginsBootstrapper.start(DocumentationPluginsBootstrapper.java:158)
	at org.springframework.context.support.DefaultLifecycleProcessor.doStart(DefaultLifecycleProcessor.java:182)
	at org.springframework.context.support.DefaultLifecycleProcessor.access$200(DefaultLifecycleProcessor.java:53)
	at org.springframework.context.support.DefaultLifecycleProcessor$LifecycleGroup.start(DefaultLifecycleProcessor.java:360)
	at org.springframework.context.support.DefaultLifecycleProcessor.startBeans(DefaultLifecycleProcessor.java:158)
	at org.springframework.context.support.DefaultLifecycleProcessor.onRefresh(DefaultLifecycleProcessor.java:122)
	at org.springframework.context.support.AbstractApplicationContext.finishRefresh(AbstractApplicationContext.java:879)
	at org.springframework.boot.web.servlet.context.ServletWebServerApplicationContext.finishRefresh(ServletWebServerApplicationContext.java:163)
	at org.springframework.context.support.AbstractApplicationContext.refresh(AbstractApplicationContext.java:549)
	at org.springframework.boot.web.servlet.context.ServletWebServerApplicationContext.refresh(ServletWebServerApplicationContext.java:142)
	at org.springframework.boot.SpringApplication.refresh(SpringApplication.java:775)
	at org.springframework.boot.SpringApplication.refreshContext(SpringApplication.java:397)
	at org.springframework.boot.SpringApplication.run(SpringApplication.java:316)
	at org.springframework.boot.SpringApplication.run(SpringApplication.java:1260)
	at org.springframework.boot.SpringApplication.run(SpringApplication.java:1248)
	at com.skies.TestApplication.main(TestApplication.java:10)
